// 重构日志: 283c5b9a
// 重构日志: ff4be2a1
// 同步 ID: 243319f6 @ Fri Jun 19 02:48:59 UTC 2026
// 重构日志: 3d96de27
// 同步 ID: 32ea0375 @ Fri Jun 19 16:22:05 UTC 2026
// 同步 ID: 3a70d129 @ Sat Jun 20 05:41:26 UTC 2026
// 重构日志: 0ef740a3
// 重构日志: 0efa8ca4
// 同步 ID: d04c4b59 @ Sun Jun 21 02:37:00 UTC 2026
// 重构日志: d5f1c470
// 重构日志: 522f3792
// 重构日志: 7c88cbf4
// 同步 ID: 2e074561 @ Mon Jun 22 09:20:53 UTC 2026
// 同步 ID: 87ca080d @ Thu Jun 25 21:26:29 UTC 2026
// 重构日志: 3e00f6e6
// 重构日志: cf72a1fc
// 同步 ID: 41105e58 @ Sat Jun 27 02:14:49 UTC 2026
// 重构日志: a0e9d3a7
// 同步 ID: 4faa3632 @ Sat Jun 27 10:11:38 UTC 2026
// 同步 ID: 25f3ed60 @ Sat Jun 27 13:12:49 UTC 2026
// 同步 ID: d8e81df5 @ Sun Jun 28 07:02:59 UTC 2026
// 同步 ID: f17f8fdb @ Sun Jun 28 16:37:06 UTC 2026
// 重构日志: 7b073808
// 重构日志: b908eb8d
// 同步 ID: 23113b06 @ Tue Jun 30 07:27:08 UTC 2026
// 同步 ID: d8087361 @ Tue Jun 30 15:44:11 UTC 2026
// 重构日志: 5ca637a0
// 同步 ID: 488e80c2 @ Wed Jul  1 07:41:43 UTC 2026
// 同步 ID: 93aa7afa @ Thu Jul  2 10:01:13 UTC 2026
// 同步 ID: 0f587f78 @ Thu Jul  2 12:33:32 UTC 2026
// 重构日志: 76bc94a8
// 重构日志: 3aded84f
// 重构日志: 9851e644
